<?xml version="1.0" encoding="UTF-8"?>
<testng-results ignored="0" total="1" passed="1" failed="0" skipped="0">
  <reporter-output>
  </reporter-output>
  <suite started-at="2023-05-22T12:11:58Z" name="Default suite" finished-at="2023-05-22T12:12:10Z" duration-ms="12879">
    <groups>
    </groups>
    <test started-at="2023-05-22T12:11:58Z" name="Default test" finished-at="2023-05-22T12:12:10Z" duration-ms="12879">
      <class name="lambdaDemo.LaunchBrowser">
        <test-method signature="myTest()[pri:0, instance:lambdaDemo.LaunchBrowser@433defed]" started-at="2023-05-22T12:11:58Z" name="myTest" finished-at="2023-05-22T12:12:10Z" duration-ms="12856" status="PASS">
          <reporter-output>
          </reporter-output>
        </test-method> <!-- myTest -->
      </class> <!-- lambdaDemo.LaunchBrowser -->
    </test> <!-- Default test -->
  </suite> <!-- Default suite -->
</testng-results>
