<?xml version="1.0" encoding="UTF-8"?>
<testng-results ignored="0" total="1" passed="1" failed="0" skipped="0">
  <reporter-output>
  </reporter-output>
  <suite started-at="2023-05-02T07:58:10Z" name="Default suite" finished-at="2023-05-02T07:58:29Z" duration-ms="19076">
    <groups>
    </groups>
    <test started-at="2023-05-02T07:58:10Z" name="Default test" finished-at="2023-05-02T07:58:29Z" duration-ms="19076">
      <class name="StepDefination.json">
        <test-method signature="myTest()[pri:0, instance:StepDefination.json@1040be71]" started-at="2023-05-02T07:58:10Z" name="myTest" finished-at="2023-05-02T07:58:29Z" duration-ms="19055" status="PASS">
          <reporter-output>
          </reporter-output>
        </test-method> <!-- myTest -->
      </class> <!-- StepDefination.json -->
    </test> <!-- Default test -->
  </suite> <!-- Default suite -->
</testng-results>
